[debug] [2018-12-14T00:22:52.889Z] ----------------------------------------------------------------------
[debug] [2018-12-14T00:22:52.891Z] Command:       /usr/local/bin/node /usr/local/bin/firebase serve --only functions
[debug] [2018-12-14T00:22:52.891Z] CLI Version:   6.1.2
[debug] [2018-12-14T00:22:52.891Z] Platform:      darwin
[debug] [2018-12-14T00:22:52.891Z] Node Version:  v10.13.0
[debug] [2018-12-14T00:22:52.892Z] Time:          Thu Dec 13 2018 17:22:52 GMT-0700 (Mountain Standard Time)
[debug] [2018-12-14T00:22:52.892Z] ----------------------------------------------------------------------
[debug] 
[debug] [2018-12-14T00:22:52.900Z] > command requires scopes: ["email","openid","https://www.googleapis.com/auth/cloudplatformprojects.readonly","https://www.googleapis.com/auth/firebase","https://www.googleapis.com/auth/cloud-platform"]
[debug] [2018-12-14T00:22:52.900Z] > authorizing via signed-in user
[debug] [2018-12-14T00:22:52.901Z] [iam] checking project node-dialogflow-jira for permissions ["firebase.projects.get"]
[debug] [2018-12-14T00:22:52.902Z] >>> HTTP REQUEST POST https://cloudresourcemanager.googleapis.com/v1/projects/node-dialogflow-jira:testIamPermissions  

[debug] [2018-12-14T00:22:53.204Z] <<< HTTP RESPONSE 200
[debug] [2018-12-14T00:22:53.206Z] >>> HTTP REQUEST GET https://cloudresourcemanager.googleapis.com/v1/projects/node-dialogflow-jira  
 
[debug] [2018-12-14T00:22:53.452Z] <<< HTTP RESPONSE 200
[info] 
[info] === Serving from '/Users/xiangw/Documents/potential-happiness'...
[info] 
[info] i  functions: Preparing to emulate functions.
[debug] [2018-12-14T00:22:53.837Z] Fetching environment
[debug] [2018-12-14T00:22:54.165Z] Error: EACCES: permission denied, open '/Users/xiangw/.config/gcloud/application_default_credentials.json'
    at Object.openSync (fs.js:436:3)
    at Object.writeFileSync (fs.js:1187:35)
    at module.exports (/usr/local/lib/node_modules/firebase-tools/lib/ensureDefaultCredentials.js:28:8)
    at FunctionsEmulator.start (/usr/local/lib/node_modules/firebase-tools/lib/functionsEmulator.js:106:5)
    at Object.start (/usr/local/lib/node_modules/firebase-tools/lib/serve/functions.js:7:33)
    at /usr/local/lib/node_modules/firebase-tools/lib/serve/index.js:15:23
    at arrayMap (/usr/local/lib/node_modules/firebase-tools/node_modules/lodash/lodash.js:639:23)
    at Function.map (/usr/local/lib/node_modules/firebase-tools/node_modules/lodash/lodash.js:9556:14)
    at _serve (/usr/local/lib/node_modules/firebase-tools/lib/serve/index.js:13:26)
    at Command.module.exports.Command.description.option.option.option.option.before.action [as _action] (/usr/local/lib/node_modules/firebase-tools/lib/commands/serve.js:55:12)
[error] 
[error] Error: An unexpected error has occurred.
[debug] [2018-12-14T00:23:06.198Z] ----------------------------------------------------------------------
[debug] [2018-12-14T00:23:06.199Z] Command:       /usr/local/bin/node /usr/local/bin/firebase serve --only functions
[debug] [2018-12-14T00:23:06.199Z] CLI Version:   6.1.2
[debug] [2018-12-14T00:23:06.199Z] Platform:      darwin
[debug] [2018-12-14T00:23:06.199Z] Node Version:  v10.13.0
[debug] [2018-12-14T00:23:06.200Z] Time:          Thu Dec 13 2018 17:23:06 GMT-0700 (Mountain Standard Time)
[debug] [2018-12-14T00:23:06.200Z] ----------------------------------------------------------------------
[debug] 
[debug] [2018-12-14T00:23:06.208Z] > command requires scopes: ["email","openid","https://www.googleapis.com/auth/cloudplatformprojects.readonly","https://www.googleapis.com/auth/firebase","https://www.googleapis.com/auth/cloud-platform"]
[debug] [2018-12-14T00:23:06.208Z] > authorizing via signed-in user
[debug] [2018-12-14T00:23:06.208Z] [iam] checking project node-dialogflow-jira for permissions ["firebase.projects.get"]
[debug] [2018-12-14T00:23:06.210Z] >>> HTTP REQUEST POST https://cloudresourcemanager.googleapis.com/v1/projects/node-dialogflow-jira:testIamPermissions  

[debug] [2018-12-14T00:23:06.567Z] <<< HTTP RESPONSE 200
[debug] [2018-12-14T00:23:06.568Z] >>> HTTP REQUEST GET https://cloudresourcemanager.googleapis.com/v1/projects/node-dialogflow-jira  
 
[debug] [2018-12-14T00:23:06.862Z] <<< HTTP RESPONSE 200
[info] 
[info] === Serving from '/Users/xiangw/Documents/potential-happiness'...
[info] 
[info] i  functions: Preparing to emulate functions.
[debug] [2018-12-14T00:23:07.225Z] Fetching environment
[debug] [2018-12-14T00:23:07.226Z] >>> HTTP REQUEST GET https://mobilesdk-pa.googleapis.com/v1/projects/611561625992:getServerAppConfig  
 
[debug] [2018-12-14T00:23:07.636Z] <<< HTTP RESPONSE 200
[debug] [2018-12-14T00:23:07.637Z] Starting @google-cloud/functions-emulator
[debug] [2018-12-14T00:23:09.760Z] Parsing function triggers
[info] ✔  functions: fetchDialogFlowData: http://localhost:5000/node-dialogflow-jira/us-central1/fetchDialogFlowData
