[debug] [2018-12-13T23:40:54.743Z] ----------------------------------------------------------------------
[debug] [2018-12-13T23:40:54.744Z] Command:       /usr/local/bin/node /usr/local/bin/firebase serve
[debug] [2018-12-13T23:40:54.745Z] CLI Version:   6.1.2
[debug] [2018-12-13T23:40:54.745Z] Platform:      darwin
[debug] [2018-12-13T23:40:54.745Z] Node Version:  v10.13.0
[debug] [2018-12-13T23:40:54.745Z] Time:          Thu Dec 13 2018 16:40:54 GMT-0700 (Mountain Standard Time)
[debug] [2018-12-13T23:40:54.745Z] ----------------------------------------------------------------------
[debug] 
[debug] [2018-12-13T23:40:54.753Z] > command requires scopes: ["email","openid","https://www.googleapis.com/auth/cloudplatformprojects.readonly","https://www.googleapis.com/auth/firebase","https://www.googleapis.com/auth/cloud-platform"]
[debug] [2018-12-13T23:40:54.753Z] > authorizing via signed-in user
[debug] [2018-12-13T23:40:54.753Z] [iam] checking project node-dialogflow-jira for permissions ["firebase.projects.get"]
[debug] [2018-12-13T23:40:54.754Z] >>> HTTP REQUEST POST https://cloudresourcemanager.googleapis.com/v1/projects/node-dialogflow-jira:testIamPermissions  

[debug] [2018-12-13T23:40:55.118Z] <<< HTTP RESPONSE 200
[debug] [2018-12-13T23:40:55.119Z] >>> HTTP REQUEST GET https://cloudresourcemanager.googleapis.com/v1/projects/node-dialogflow-jira  
 
[debug] [2018-12-13T23:40:55.347Z] <<< HTTP RESPONSE 200
[info] 
[info] === Serving from '/Users/xiangw/Documents/potential-happiness'...
[info] 
[info] i  functions: Preparing to emulate functions.
[debug] [2018-12-13T23:40:55.821Z] Fetching environment
[debug] [2018-12-13T23:40:56.133Z] Error: EACCES: permission denied, open '/Users/xiangw/.config/gcloud/application_default_credentials.json'
    at Object.openSync (fs.js:436:3)
    at Object.writeFileSync (fs.js:1187:35)
    at module.exports (/usr/local/lib/node_modules/firebase-tools/lib/ensureDefaultCredentials.js:28:8)
    at FunctionsEmulator.start (/usr/local/lib/node_modules/firebase-tools/lib/functionsEmulator.js:106:5)
    at Object.start (/usr/local/lib/node_modules/firebase-tools/lib/serve/functions.js:7:33)
    at /usr/local/lib/node_modules/firebase-tools/lib/serve/index.js:15:23
    at arrayMap (/usr/local/lib/node_modules/firebase-tools/node_modules/lodash/lodash.js:639:23)
    at Function.map (/usr/local/lib/node_modules/firebase-tools/node_modules/lodash/lodash.js:9556:14)
    at _serve (/usr/local/lib/node_modules/firebase-tools/lib/serve/index.js:13:26)
    at Command.module.exports.Command.description.option.option.option.option.before.action [as _action] (/usr/local/lib/node_modules/firebase-tools/lib/commands/serve.js:55:12)
[error] 
[error] Error: An unexpected error has occurred.
[debug] [2018-12-13T23:41:14.868Z] ----------------------------------------------------------------------
[debug] [2018-12-13T23:41:14.870Z] Command:       /usr/local/bin/node /usr/local/bin/firebase serve --only functions
[debug] [2018-12-13T23:41:14.870Z] CLI Version:   6.1.2
[debug] [2018-12-13T23:41:14.870Z] Platform:      darwin
[debug] [2018-12-13T23:41:14.870Z] Node Version:  v10.13.0
[debug] [2018-12-13T23:41:14.871Z] Time:          Thu Dec 13 2018 16:41:14 GMT-0700 (Mountain Standard Time)
[debug] [2018-12-13T23:41:14.871Z] ----------------------------------------------------------------------
[debug] 
[debug] [2018-12-13T23:41:14.879Z] > command requires scopes: ["email","openid","https://www.googleapis.com/auth/cloudplatformprojects.readonly","https://www.googleapis.com/auth/firebase","https://www.googleapis.com/auth/cloud-platform"]
[debug] [2018-12-13T23:41:14.879Z] > authorizing via signed-in user
[debug] [2018-12-13T23:41:14.879Z] [iam] checking project node-dialogflow-jira for permissions ["firebase.projects.get"]
[debug] [2018-12-13T23:41:14.880Z] >>> HTTP REQUEST POST https://cloudresourcemanager.googleapis.com/v1/projects/node-dialogflow-jira:testIamPermissions  

[debug] [2018-12-13T23:41:15.186Z] <<< HTTP RESPONSE 200
[debug] [2018-12-13T23:41:15.187Z] >>> HTTP REQUEST GET https://cloudresourcemanager.googleapis.com/v1/projects/node-dialogflow-jira  
 
[debug] [2018-12-13T23:41:15.451Z] <<< HTTP RESPONSE 200
[info] 
[info] === Serving from '/Users/xiangw/Documents/potential-happiness'...
[info] 
[info] i  functions: Preparing to emulate functions.
[debug] [2018-12-13T23:41:15.819Z] Fetching environment
[debug] [2018-12-13T23:41:15.822Z] >>> HTTP REQUEST GET https://mobilesdk-pa.googleapis.com/v1/projects/611561625992:getServerAppConfig  
 
[debug] [2018-12-13T23:41:16.309Z] <<< HTTP RESPONSE 200
[debug] [2018-12-13T23:41:16.310Z] Starting @google-cloud/functions-emulator
[debug] [2018-12-13T23:42:30.866Z] ----------------------------------------------------------------------
[debug] [2018-12-13T23:42:30.868Z] Command:       /usr/local/bin/node /usr/local/bin/firebase serve --only functions
[debug] [2018-12-13T23:42:30.868Z] CLI Version:   6.1.2
[debug] [2018-12-13T23:42:30.869Z] Platform:      darwin
[debug] [2018-12-13T23:42:30.869Z] Node Version:  v10.13.0
[debug] [2018-12-13T23:42:30.869Z] Time:          Thu Dec 13 2018 16:42:30 GMT-0700 (Mountain Standard Time)
[debug] [2018-12-13T23:42:30.869Z] ----------------------------------------------------------------------
[debug] 
[debug] [2018-12-13T23:42:30.883Z] > command requires scopes: ["email","openid","https://www.googleapis.com/auth/cloudplatformprojects.readonly","https://www.googleapis.com/auth/firebase","https://www.googleapis.com/auth/cloud-platform"]
[debug] [2018-12-13T23:42:30.883Z] > authorizing via signed-in user
[debug] [2018-12-13T23:42:30.883Z] [iam] checking project node-dialogflow-jira for permissions ["firebase.projects.get"]
[debug] [2018-12-13T23:42:30.885Z] >>> HTTP REQUEST POST https://cloudresourcemanager.googleapis.com/v1/projects/node-dialogflow-jira:testIamPermissions  

[debug] [2018-12-13T23:42:31.318Z] <<< HTTP RESPONSE 200
[debug] [2018-12-13T23:42:31.319Z] >>> HTTP REQUEST GET https://cloudresourcemanager.googleapis.com/v1/projects/node-dialogflow-jira  
 
[debug] [2018-12-13T23:42:31.805Z] <<< HTTP RESPONSE 200
[info] 
[info] === Serving from '/Users/xiangw/Documents/potential-happiness'...
[info] 
[info] i  functions: Preparing to emulate functions.
[debug] [2018-12-13T23:42:32.358Z] Fetching environment
[debug] [2018-12-13T23:42:32.698Z] Error: EACCES: permission denied, open '/Users/xiangw/.config/gcloud/application_default_credentials.json'
    at Object.openSync (fs.js:436:3)
    at Object.writeFileSync (fs.js:1187:35)
    at module.exports (/usr/local/lib/node_modules/firebase-tools/lib/ensureDefaultCredentials.js:28:8)
    at FunctionsEmulator.start (/usr/local/lib/node_modules/firebase-tools/lib/functionsEmulator.js:106:5)
    at Object.start (/usr/local/lib/node_modules/firebase-tools/lib/serve/functions.js:7:33)
    at /usr/local/lib/node_modules/firebase-tools/lib/serve/index.js:15:23
    at arrayMap (/usr/local/lib/node_modules/firebase-tools/node_modules/lodash/lodash.js:639:23)
    at Function.map (/usr/local/lib/node_modules/firebase-tools/node_modules/lodash/lodash.js:9556:14)
    at _serve (/usr/local/lib/node_modules/firebase-tools/lib/serve/index.js:13:26)
    at Command.module.exports.Command.description.option.option.option.option.before.action [as _action] (/usr/local/lib/node_modules/firebase-tools/lib/commands/serve.js:55:12)
[error] 
[error] Error: An unexpected error has occurred.
